c:\users\jay yao\documents\visual studio 2015\projects\fefinalproject\fefinalproject\debug\vc140.pdb
c:\users\jay yao\documents\visual studio 2015\projects\fefinalproject\fefinalproject\debug\vc140.idb
c:\users\jay yao\documents\visual studio 2015\projects\fefinalproject\fefinalproject\debug\date.obj
c:\users\jay yao\documents\visual studio 2015\projects\fefinalproject\fefinalproject\debug\main.obj
c:\users\jay yao\documents\visual studio 2015\projects\fefinalproject\fefinalproject\debug\model.obj
c:\users\jay yao\documents\visual studio 2015\projects\fefinalproject\fefinalproject\debug\product.obj
c:\users\jay yao\documents\visual studio 2015\projects\fefinalproject\fefinalproject\debug\utilities.obj
c:\users\jay yao\documents\visual studio 2015\projects\fefinalproject\fefinalproject\debug\data.obj
c:\users\jay yao\documents\visual studio 2015\projects\fefinalproject\fefinalproject\debug\namevaluepairs.obj
c:\users\jay yao\documents\visual studio 2015\projects\fefinalproject\fefinalproject\debug\valuationengine.obj
c:\users\jay yao\documents\visual studio 2015\projects\fefinalproject\fefinalproject\debug\configurations.obj
c:\users\jay yao\documents\visual studio 2015\projects\fefinalproject\debug\fefinalproject.ilk
c:\users\jay yao\documents\visual studio 2015\projects\fefinalproject\debug\fefinalproject.exe
c:\users\jay yao\documents\visual studio 2015\projects\fefinalproject\debug\fefinalproject.pdb
c:\users\jay yao\documents\visual studio 2015\projects\fefinalproject\fefinalproject\debug\date.obj.enc
c:\users\jay yao\documents\visual studio 2015\projects\fefinalproject\fefinalproject\debug\model.obj.enc
c:\users\jay yao\documents\visual studio 2015\projects\fefinalproject\fefinalproject\debug\utilities.obj.enc
c:\users\jay yao\documents\visual studio 2015\projects\fefinalproject\fefinalproject\debug\valuationengine.obj.enc
c:\users\jay yao\documents\visual studio 2015\projects\fefinalproject\fefinalproject\debug\fefinalproject.tlog\cl.command.1.tlog
c:\users\jay yao\documents\visual studio 2015\projects\fefinalproject\fefinalproject\debug\fefinalproject.tlog\cl.read.1.tlog
c:\users\jay yao\documents\visual studio 2015\projects\fefinalproject\fefinalproject\debug\fefinalproject.tlog\cl.write.1.tlog
c:\users\jay yao\documents\visual studio 2015\projects\fefinalproject\fefinalproject\debug\fefinalproject.tlog\link-cvtres.read.1.tlog
c:\users\jay yao\documents\visual studio 2015\projects\fefinalproject\fefinalproject\debug\fefinalproject.tlog\link-cvtres.write.1.tlog
c:\users\jay yao\documents\visual studio 2015\projects\fefinalproject\fefinalproject\debug\fefinalproject.tlog\link-rc.read.1.tlog
c:\users\jay yao\documents\visual studio 2015\projects\fefinalproject\fefinalproject\debug\fefinalproject.tlog\link-rc.write.1.tlog
c:\users\jay yao\documents\visual studio 2015\projects\fefinalproject\fefinalproject\debug\fefinalproject.tlog\link.33436-cvtres.read.1.tlog
c:\users\jay yao\documents\visual studio 2015\projects\fefinalproject\fefinalproject\debug\fefinalproject.tlog\link.33436-cvtres.write.1.tlog
c:\users\jay yao\documents\visual studio 2015\projects\fefinalproject\fefinalproject\debug\fefinalproject.tlog\link.33436-rc.read.1.tlog
c:\users\jay yao\documents\visual studio 2015\projects\fefinalproject\fefinalproject\debug\fefinalproject.tlog\link.33436-rc.write.1.tlog
c:\users\jay yao\documents\visual studio 2015\projects\fefinalproject\fefinalproject\debug\fefinalproject.tlog\link.33436.read.1.tlog
c:\users\jay yao\documents\visual studio 2015\projects\fefinalproject\fefinalproject\debug\fefinalproject.tlog\link.33436.write.1.tlog
c:\users\jay yao\documents\visual studio 2015\projects\fefinalproject\fefinalproject\debug\fefinalproject.tlog\link.command.1.tlog
c:\users\jay yao\documents\visual studio 2015\projects\fefinalproject\fefinalproject\debug\fefinalproject.tlog\link.read.1.tlog
c:\users\jay yao\documents\visual studio 2015\projects\fefinalproject\fefinalproject\debug\fefinalproject.tlog\link.write.1.tlog
